DEPRECATION WARNING: ActiveRecord::Base.raise_in_transactional_callbacks= is deprecated, has no effect and will be removed without replacement. (called from <top (required)> at /Users/appacademy/Desktop/app-academy/curriculum/html-css/projects/aa_times/skeleton/config/environment.rb:5)
DEPRECATION WARNING: Passing #original_exception is deprecated and has no effect. Exceptions will automatically capture the original exception. (called from require at /Users/appacademy/Desktop/app-academy/curriculum/html-css/projects/aa_times/skeleton/bin/rails:9)
DEPRECATION WARNING: ActiveRecord::Base.raise_in_transactional_callbacks= is deprecated, has no effect and will be removed without replacement. (called from require at /Users/appacademy/Desktop/app-academy/curriculum/html-css/projects/aa_times/skeleton/bin/rails:9)
  [1m[35m (6.2ms)[0m  [1m[35mCREATE TABLE "schema_migrations" ("version" varchar NOT NULL PRIMARY KEY)[0m
  [1m[35m (2.7ms)[0m  [1m[35mCREATE TABLE "ar_internal_metadata" ("key" varchar NOT NULL PRIMARY KEY, "value" varchar, "created_at" datetime NOT NULL, "updated_at" datetime NOT NULL)[0m
  [1m[36mActiveRecord::InternalMetadata Load (0.3ms)[0m  [1m[34mSELECT  "ar_internal_metadata".* FROM "ar_internal_metadata" WHERE "ar_internal_metadata"."key" = ? LIMIT ?[0m  [["key", "environment"], ["LIMIT", 1]]
  [1m[35m (0.1ms)[0m  [1m[36mbegin transaction[0m
  [1m[35mSQL (0.5ms)[0m  [1m[32mINSERT INTO "ar_internal_metadata" ("key", "value", "created_at", "updated_at") VALUES (?, ?, ?, ?)[0m  [["key", "environment"], ["value", "development"], ["created_at", "2018-05-08 13:28:35.437337"], ["updated_at", "2018-05-08 13:28:35.437337"]]
  [1m[35m (2.2ms)[0m  [1m[36mcommit transaction[0m
  [1m[36mActiveRecord::SchemaMigration Load (0.1ms)[0m  [1m[34mSELECT "schema_migrations".* FROM "schema_migrations"[0m
Started GET "/" for ::1 at 2018-05-08 09:29:10 -0400
DEPRECATION WARNING: ActiveRecord::Base.raise_in_transactional_callbacks= is deprecated, has no effect and will be removed without replacement. (called from block (3 levels) in <class:Railtie> at /usr/local/var/rbenv/versions/2.3.1/lib/ruby/gems/2.3.0/gems/activerecord-5.0.7/lib/active_record/railtie.rb:113)
Processing by StaticPagesController#index as HTML
  Rendering static_pages/index.html.erb within layouts/application
  Rendered shared/_main_nav.html.erb (0.7ms)
  Rendered shared/_masthead.html.erb (0.5ms)
  Rendered shared/_sections_nav.html.erb (0.9ms)
  Rendered shared/_search_modal.html.erb (0.5ms)
  Rendered shared/_main_content.html.erb (0.4ms)
  Rendered static_pages/index.html.erb within layouts/application (32.0ms)
Completed 200 OK in 817ms (Views: 810.1ms | ActiveRecord: 0.0ms)


Started GET "/assets/components/dropdown.self-815016af6fab1d5b72abd319213bf62f0c42bab2c585d2e059543ae704a0d74c.js?body=1" for ::1 at 2018-05-08 09:29:11 -0400
Started GET "/assets/components/modal.self-52188644dbb47def5ee35ae02e69eb567ca9b664472357a8a5789dd39032a265.js?body=1" for ::1 at 2018-05-08 09:29:11 -0400
Started GET "/assets/components/sidebar.self-2a1277f850a6fa21e1a974ef5152f177ac05516477d5081d593bb137b3d6808b.js?body=1" for ::1 at 2018-05-08 09:29:11 -0400
Started GET "/assets/application.self-f571b9db02bf4ed04c38a6a29072ac382f7d4f47db1fab9817aeadb0d8665235.js?body=1" for ::1 at 2018-05-08 09:29:11 -0400
Started GET "/assets/application.self-b663423749731f7aefc12aab04903643ffbbfafb45fcfb66496adb852614caef.css?body=1" for ::1 at 2018-05-08 09:29:11 -0400
Started GET "/" for ::1 at 2018-07-16 11:24:12 -0700
DEPRECATION WARNING: ActiveRecord::Base.raise_in_transactional_callbacks= is deprecated, has no effect and will be removed without replacement. (called from block (3 levels) in <class:Railtie> at /usr/local/var/rbenv/versions/2.5.0/lib/ruby/gems/2.5.0/gems/activerecord-5.0.7/lib/active_record/railtie.rb:113)
Processing by StaticPagesController#index as HTML
  Rendering static_pages/index.html.erb within layouts/application
  Rendered shared/_main_nav.html.erb (0.4ms)
  Rendered shared/_masthead.html.erb (0.2ms)
  Rendered shared/_sections_nav.html.erb (0.2ms)
  Rendered shared/_search_modal.html.erb (0.3ms)
  Rendered shared/_main_content.html.erb (4.8ms)
  Rendered static_pages/index.html.erb within layouts/application (18.9ms)
Completed 200 OK in 704ms (Views: 700.6ms | ActiveRecord: 0.0ms)


Started GET "/assets/jquery.self-bd7ddd393353a8d2480a622e80342adf488fb6006d667e8b42e4c0073393abee.js?body=1" for ::1 at 2018-07-16 11:24:13 -0700
Started GET "/assets/application.self-59ee97daa76cc34c35ad03bddf85cc0b2a235f54593bf8ad56dcefe000d0e59f.css?body=1" for ::1 at 2018-07-16 11:24:13 -0700
Started GET "/assets/components/dropdown.self-815016af6fab1d5b72abd319213bf62f0c42bab2c585d2e059543ae704a0d74c.js?body=1" for ::1 at 2018-07-16 11:24:13 -0700
Started GET "/assets/jquery_ujs.self-784a997f6726036b1993eb2217c9cb558e1cbb801c6da88105588c56f13b466a.js?body=1" for ::1 at 2018-07-16 11:24:13 -0700
Started GET "/assets/components/modal.self-52188644dbb47def5ee35ae02e69eb567ca9b664472357a8a5789dd39032a265.js?body=1" for ::1 at 2018-07-16 11:24:13 -0700
Started GET "/assets/components/sidebar.self-2a1277f850a6fa21e1a974ef5152f177ac05516477d5081d593bb137b3d6808b.js?body=1" for ::1 at 2018-07-16 11:24:13 -0700
Started GET "/assets/application.self-f571b9db02bf4ed04c38a6a29072ac382f7d4f47db1fab9817aeadb0d8665235.js?body=1" for ::1 at 2018-07-16 11:24:13 -0700
Started GET "/assets/application.self-59ee97daa76cc34c35ad03bddf85cc0b2a235f54593bf8ad56dcefe000d0e59f.css?body=1&livereload=1531765948555" for ::1 at 2018-07-16 11:32:28 -0700
Started GET "/assets/application.self-59ee97daa76cc34c35ad03bddf85cc0b2a235f54593bf8ad56dcefe000d0e59f.css?body=1&livereload=1531765948557" for ::1 at 2018-07-16 11:32:28 -0700
Started GET "/assets/application.self-59ee97daa76cc34c35ad03bddf85cc0b2a235f54593bf8ad56dcefe000d0e59f.css?body=1&livereload=1531766051952" for ::1 at 2018-07-16 11:34:11 -0700
Started GET "/assets/application.self-59ee97daa76cc34c35ad03bddf85cc0b2a235f54593bf8ad56dcefe000d0e59f.css?body=1&livereload=1531766051950" for ::1 at 2018-07-16 11:34:11 -0700
Started GET "/assets/application.self-59ee97daa76cc34c35ad03bddf85cc0b2a235f54593bf8ad56dcefe000d0e59f.css?body=1&livereload=1531766078299" for ::1 at 2018-07-16 11:34:38 -0700
Started GET "/assets/application.self-59ee97daa76cc34c35ad03bddf85cc0b2a235f54593bf8ad56dcefe000d0e59f.css?body=1&livereload=1531766078300" for ::1 at 2018-07-16 11:34:38 -0700
Started GET "/assets/application.self-59ee97daa76cc34c35ad03bddf85cc0b2a235f54593bf8ad56dcefe000d0e59f.css?body=1&livereload=1531766141473" for ::1 at 2018-07-16 11:35:41 -0700
Started GET "/assets/application.self-59ee97daa76cc34c35ad03bddf85cc0b2a235f54593bf8ad56dcefe000d0e59f.css?body=1&livereload=1531766141474" for ::1 at 2018-07-16 11:35:41 -0700
Started GET "/" for ::1 at 2018-07-16 11:37:10 -0700
Processing by StaticPagesController#index as HTML
  Rendering static_pages/index.html.erb within layouts/application
  Rendered shared/_main_nav.html.erb (0.3ms)
  Rendered shared/_masthead.html.erb (0.5ms)
  Rendered shared/_sections_nav.html.erb (0.3ms)
  Rendered shared/_search_modal.html.erb (0.2ms)
  Rendered shared/_main_content.html.erb (0.3ms)
  Rendered static_pages/index.html.erb within layouts/application (11.3ms)
Completed 200 OK in 138ms (Views: 121.6ms | ActiveRecord: 0.0ms)


Started GET "/assets/application.self-74ac5df20ad863da9ac2e709f11fbce5b4eed721f9c04ecad1fb969cc1c04d55.css?body=1" for ::1 at 2018-07-16 11:37:10 -0700
Started GET "/assets/application.self-74ac5df20ad863da9ac2e709f11fbce5b4eed721f9c04ecad1fb969cc1c04d55.css?body=1&livereload=1531766283975" for ::1 at 2018-07-16 11:38:03 -0700
Started GET "/assets/application.self-74ac5df20ad863da9ac2e709f11fbce5b4eed721f9c04ecad1fb969cc1c04d55.css?body=1&livereload=1531766283976" for ::1 at 2018-07-16 11:38:03 -0700
Started GET "/assets/application.self-74ac5df20ad863da9ac2e709f11fbce5b4eed721f9c04ecad1fb969cc1c04d55.css?body=1&livereload=1531766342197" for ::1 at 2018-07-16 11:39:02 -0700
Started GET "/assets/application.self-74ac5df20ad863da9ac2e709f11fbce5b4eed721f9c04ecad1fb969cc1c04d55.css?body=1&livereload=1531766342198" for ::1 at 2018-07-16 11:39:02 -0700
Started GET "/assets/application.self-74ac5df20ad863da9ac2e709f11fbce5b4eed721f9c04ecad1fb969cc1c04d55.css?body=1&livereload=1531766363312" for ::1 at 2018-07-16 11:39:23 -0700
Started GET "/assets/application.self-74ac5df20ad863da9ac2e709f11fbce5b4eed721f9c04ecad1fb969cc1c04d55.css?body=1&livereload=1531766363314" for ::1 at 2018-07-16 11:39:23 -0700
Started GET "/assets/application.self-74ac5df20ad863da9ac2e709f11fbce5b4eed721f9c04ecad1fb969cc1c04d55.css?body=1&livereload=1531766375454" for ::1 at 2018-07-16 11:39:35 -0700
Started GET "/assets/application.self-74ac5df20ad863da9ac2e709f11fbce5b4eed721f9c04ecad1fb969cc1c04d55.css?body=1&livereload=1531766375455" for ::1 at 2018-07-16 11:39:35 -0700
Started GET "/assets/application.self-74ac5df20ad863da9ac2e709f11fbce5b4eed721f9c04ecad1fb969cc1c04d55.css?body=1&livereload=1531766412203" for ::1 at 2018-07-16 11:40:12 -0700
Started GET "/assets/application.self-74ac5df20ad863da9ac2e709f11fbce5b4eed721f9c04ecad1fb969cc1c04d55.css?body=1&livereload=1531766412204" for ::1 at 2018-07-16 11:40:12 -0700
Started GET "/assets/application.self-74ac5df20ad863da9ac2e709f11fbce5b4eed721f9c04ecad1fb969cc1c04d55.css?body=1&livereload=1531766419150" for ::1 at 2018-07-16 11:40:19 -0700
Started GET "/assets/application.self-74ac5df20ad863da9ac2e709f11fbce5b4eed721f9c04ecad1fb969cc1c04d55.css?body=1&livereload=1531766419151" for ::1 at 2018-07-16 11:40:19 -0700
Started GET "/assets/application.self-74ac5df20ad863da9ac2e709f11fbce5b4eed721f9c04ecad1fb969cc1c04d55.css?body=1&livereload=1531766423737" for ::1 at 2018-07-16 11:40:23 -0700
Started GET "/assets/application.self-74ac5df20ad863da9ac2e709f11fbce5b4eed721f9c04ecad1fb969cc1c04d55.css?body=1&livereload=1531766423738" for ::1 at 2018-07-16 11:40:23 -0700
Started GET "/assets/application.self-74ac5df20ad863da9ac2e709f11fbce5b4eed721f9c04ecad1fb969cc1c04d55.css?body=1&livereload=1531766428545" for ::1 at 2018-07-16 11:40:28 -0700
Started GET "/assets/application.self-74ac5df20ad863da9ac2e709f11fbce5b4eed721f9c04ecad1fb969cc1c04d55.css?body=1&livereload=1531766428549" for ::1 at 2018-07-16 11:40:28 -0700
Started GET "/assets/application.self-74ac5df20ad863da9ac2e709f11fbce5b4eed721f9c04ecad1fb969cc1c04d55.css?body=1&livereload=1531766434842" for ::1 at 2018-07-16 11:40:34 -0700
Started GET "/assets/application.self-74ac5df20ad863da9ac2e709f11fbce5b4eed721f9c04ecad1fb969cc1c04d55.css?body=1&livereload=1531766434843" for ::1 at 2018-07-16 11:40:34 -0700
Started GET "/assets/application.self-74ac5df20ad863da9ac2e709f11fbce5b4eed721f9c04ecad1fb969cc1c04d55.css?body=1&livereload=1531766456539" for ::1 at 2018-07-16 11:40:56 -0700
Started GET "/assets/application.self-74ac5df20ad863da9ac2e709f11fbce5b4eed721f9c04ecad1fb969cc1c04d55.css?body=1&livereload=1531766456540" for ::1 at 2018-07-16 11:40:56 -0700
Started GET "/assets/application.self-74ac5df20ad863da9ac2e709f11fbce5b4eed721f9c04ecad1fb969cc1c04d55.css?body=1&livereload=1531766468654" for ::1 at 2018-07-16 11:41:08 -0700
Started GET "/assets/application.self-74ac5df20ad863da9ac2e709f11fbce5b4eed721f9c04ecad1fb969cc1c04d55.css?body=1&livereload=1531766468655" for ::1 at 2018-07-16 11:41:08 -0700
Started GET "/assets/application.self-74ac5df20ad863da9ac2e709f11fbce5b4eed721f9c04ecad1fb969cc1c04d55.css?body=1&livereload=1531766473739" for ::1 at 2018-07-16 11:41:13 -0700
Started GET "/assets/application.self-74ac5df20ad863da9ac2e709f11fbce5b4eed721f9c04ecad1fb969cc1c04d55.css?body=1&livereload=1531766473741" for ::1 at 2018-07-16 11:41:13 -0700
Started GET "/assets/application.self-74ac5df20ad863da9ac2e709f11fbce5b4eed721f9c04ecad1fb969cc1c04d55.css?body=1&livereload=1531766478260" for ::1 at 2018-07-16 11:41:18 -0700
Started GET "/assets/application.self-74ac5df20ad863da9ac2e709f11fbce5b4eed721f9c04ecad1fb969cc1c04d55.css?body=1&livereload=1531766478262" for ::1 at 2018-07-16 11:41:18 -0700
Started GET "/assets/application.self-74ac5df20ad863da9ac2e709f11fbce5b4eed721f9c04ecad1fb969cc1c04d55.css?body=1&livereload=1531766492661" for ::1 at 2018-07-16 11:41:32 -0700
Started GET "/assets/application.self-74ac5df20ad863da9ac2e709f11fbce5b4eed721f9c04ecad1fb969cc1c04d55.css?body=1&livereload=1531766492663" for ::1 at 2018-07-16 11:41:32 -0700
Started GET "/assets/application.self-74ac5df20ad863da9ac2e709f11fbce5b4eed721f9c04ecad1fb969cc1c04d55.css?body=1&livereload=1531766497650" for ::1 at 2018-07-16 11:41:37 -0700
Started GET "/assets/application.self-74ac5df20ad863da9ac2e709f11fbce5b4eed721f9c04ecad1fb969cc1c04d55.css?body=1&livereload=1531766497651" for ::1 at 2018-07-16 11:41:37 -0700
Started GET "/assets/application.self-74ac5df20ad863da9ac2e709f11fbce5b4eed721f9c04ecad1fb969cc1c04d55.css?body=1&livereload=1531766501945" for ::1 at 2018-07-16 11:41:41 -0700
Started GET "/assets/application.self-74ac5df20ad863da9ac2e709f11fbce5b4eed721f9c04ecad1fb969cc1c04d55.css?body=1&livereload=1531766501946" for ::1 at 2018-07-16 11:41:41 -0700
Started GET "/assets/application.self-74ac5df20ad863da9ac2e709f11fbce5b4eed721f9c04ecad1fb969cc1c04d55.css?body=1&livereload=1531766529743" for ::1 at 2018-07-16 11:42:09 -0700
Started GET "/assets/application.self-74ac5df20ad863da9ac2e709f11fbce5b4eed721f9c04ecad1fb969cc1c04d55.css?body=1&livereload=1531766529745" for ::1 at 2018-07-16 11:42:09 -0700
Started GET "/assets/application.self-74ac5df20ad863da9ac2e709f11fbce5b4eed721f9c04ecad1fb969cc1c04d55.css?body=1&livereload=1531766630227" for ::1 at 2018-07-16 11:43:50 -0700
Started GET "/assets/application.self-74ac5df20ad863da9ac2e709f11fbce5b4eed721f9c04ecad1fb969cc1c04d55.css?body=1&livereload=1531766630247" for ::1 at 2018-07-16 11:43:50 -0700
Started GET "/" for ::1 at 2018-07-16 11:48:10 -0700
Processing by StaticPagesController#index as HTML
  Rendering static_pages/index.html.erb within layouts/application
  Rendered shared/_main_nav.html.erb (0.4ms)
  Rendered shared/_masthead.html.erb (0.2ms)
  Rendered shared/_sections_nav.html.erb (0.2ms)
  Rendered shared/_search_modal.html.erb (0.5ms)
  Rendered shared/_main_content.html.erb (0.5ms)
  Rendered static_pages/index.html.erb within layouts/application (14.9ms)
Completed 200 OK in 114ms (Views: 100.2ms | ActiveRecord: 0.0ms)


Started GET "/assets/application.self-cfdb2be43e50fe3da06844db51e448e5e1f23c54779977efe30e8675daebc27a.css?body=1" for ::1 at 2018-07-16 11:48:10 -0700
Started GET "/" for ::1 at 2018-07-16 11:48:44 -0700
Processing by StaticPagesController#index as HTML
  Rendering static_pages/index.html.erb within layouts/application
  Rendered shared/_main_nav.html.erb (0.3ms)
  Rendered shared/_masthead.html.erb (0.5ms)
  Rendered shared/_sections_nav.html.erb (0.4ms)
  Rendered shared/_search_modal.html.erb (0.5ms)
  Rendered shared/_main_content.html.erb (0.3ms)
  Rendered static_pages/index.html.erb within layouts/application (13.2ms)
Completed 200 OK in 78ms (Views: 67.9ms | ActiveRecord: 0.0ms)


Started GET "/" for ::1 at 2018-07-16 11:48:47 -0700
Processing by StaticPagesController#index as HTML
  Rendering static_pages/index.html.erb within layouts/application
  Rendered shared/_main_nav.html.erb (0.2ms)
  Rendered shared/_masthead.html.erb (0.3ms)
  Rendered shared/_sections_nav.html.erb (0.4ms)
  Rendered shared/_search_modal.html.erb (0.3ms)
  Rendered shared/_main_content.html.erb (0.4ms)
  Rendered static_pages/index.html.erb within layouts/application (12.1ms)
Completed 200 OK in 40ms (Views: 36.8ms | ActiveRecord: 0.0ms)


Started GET "/" for ::1 at 2018-07-16 11:49:17 -0700
Processing by StaticPagesController#index as HTML
  Rendering static_pages/index.html.erb within layouts/application
  Rendered shared/_main_nav.html.erb (0.3ms)
  Rendered shared/_masthead.html.erb (0.3ms)
  Rendered shared/_sections_nav.html.erb (0.2ms)
  Rendered shared/_search_modal.html.erb (0.3ms)
  Rendered shared/_main_content.html.erb (0.4ms)
  Rendered static_pages/index.html.erb within layouts/application (10.6ms)
Completed 200 OK in 33ms (Views: 31.1ms | ActiveRecord: 0.0ms)


Started GET "/" for ::1 at 2018-07-16 11:49:26 -0700
Processing by StaticPagesController#index as HTML
  Rendering static_pages/index.html.erb within layouts/application
  Rendered shared/_main_nav.html.erb (0.4ms)
  Rendered shared/_masthead.html.erb (0.3ms)
  Rendered shared/_sections_nav.html.erb (0.2ms)
  Rendered shared/_search_modal.html.erb (0.2ms)
  Rendered shared/_main_content.html.erb (0.4ms)
  Rendered static_pages/index.html.erb within layouts/application (11.4ms)
Completed 200 OK in 41ms (Views: 38.9ms | ActiveRecord: 0.0ms)


Started GET "/" for ::1 at 2018-07-16 11:49:40 -0700
Processing by StaticPagesController#index as HTML
  Rendering static_pages/index.html.erb within layouts/application
  Rendered shared/_main_nav.html.erb (0.4ms)
  Rendered shared/_masthead.html.erb (0.3ms)
  Rendered shared/_sections_nav.html.erb (0.3ms)
  Rendered shared/_search_modal.html.erb (0.3ms)
  Rendered shared/_main_content.html.erb (0.4ms)
  Rendered static_pages/index.html.erb within layouts/application (11.2ms)
Completed 200 OK in 48ms (Views: 46.1ms | ActiveRecord: 0.0ms)


Started GET "/" for ::1 at 2018-07-16 11:50:58 -0700
Processing by StaticPagesController#index as HTML
  Rendering static_pages/index.html.erb within layouts/application
  Rendered shared/_main_nav.html.erb (0.2ms)
  Rendered shared/_masthead.html.erb (0.3ms)
  Rendered shared/_sections_nav.html.erb (0.3ms)
  Rendered shared/_search_modal.html.erb (0.4ms)
  Rendered shared/_main_content.html.erb (0.4ms)
  Rendered static_pages/index.html.erb within layouts/application (10.8ms)
Completed 200 OK in 34ms (Views: 32.4ms | ActiveRecord: 0.0ms)


Started GET "/" for ::1 at 2018-07-16 11:54:43 -0700
Processing by StaticPagesController#index as HTML
  Rendering static_pages/index.html.erb within layouts/application
  Rendered shared/_main_nav.html.erb (1.0ms)
  Rendered shared/_masthead.html.erb (0.3ms)
  Rendered shared/_sections_nav.html.erb (0.6ms)
  Rendered shared/_search_modal.html.erb (0.6ms)
  Rendered shared/_main_content.html.erb (0.8ms)
  Rendered static_pages/index.html.erb within layouts/application (14.9ms)
Completed 200 OK in 181ms (Views: 166.9ms | ActiveRecord: 0.0ms)


Started GET "/assets/application.self-cfdb2be43e50fe3da06844db51e448e5e1f23c54779977efe30e8675daebc27a.css?body=1&livereload=1531767469136" for ::1 at 2018-07-16 11:57:49 -0700
Started GET "/assets/application.self-cfdb2be43e50fe3da06844db51e448e5e1f23c54779977efe30e8675daebc27a.css?body=1&livereload=1531767469140" for ::1 at 2018-07-16 11:57:49 -0700
Started GET "/assets/application.self-cfdb2be43e50fe3da06844db51e448e5e1f23c54779977efe30e8675daebc27a.css?body=1&livereload=1531767470601" for ::1 at 2018-07-16 11:57:50 -0700
Started GET "/assets/application.self-cfdb2be43e50fe3da06844db51e448e5e1f23c54779977efe30e8675daebc27a.css?body=1&livereload=1531767470603" for ::1 at 2018-07-16 11:57:50 -0700
Started GET "/" for ::1 at 2018-07-16 11:57:53 -0700
Processing by StaticPagesController#index as HTML
  Rendering static_pages/index.html.erb within layouts/application
  Rendered shared/_main_nav.html.erb (0.5ms)
  Rendered shared/_masthead.html.erb (0.3ms)
  Rendered shared/_sections_nav.html.erb (0.2ms)
  Rendered shared/_search_modal.html.erb (0.4ms)
  Rendered shared/_main_content.html.erb (0.2ms)
  Rendered static_pages/index.html.erb within layouts/application (15.4ms)
Completed 500 Internal Server Error in 112ms (ActiveRecord: 0.0ms)



Sass::SyntaxError - Invalid CSS after "   color": expected ";", was ": #ffffff;":
  app/views/layouts/application.html.erb:7:in `_app_views_layouts_application_html_erb___3788733783912334394_70338019504040'

Started POST "/__better_errors/c53f8edf4b3d2269/variables" for ::1 at 2018-07-16 11:57:53 -0700
Started GET "/" for ::1 at 2018-07-16 11:58:03 -0700
Processing by StaticPagesController#index as HTML
  Rendering static_pages/index.html.erb within layouts/application
  Rendered shared/_main_nav.html.erb (0.7ms)
  Rendered shared/_masthead.html.erb (0.3ms)
  Rendered shared/_sections_nav.html.erb (0.2ms)
  Rendered shared/_search_modal.html.erb (0.2ms)
  Rendered shared/_main_content.html.erb (0.2ms)
  Rendered static_pages/index.html.erb within layouts/application (11.0ms)
Completed 500 Internal Server Error in 39ms (ActiveRecord: 0.0ms)



Sass::SyntaxError - Invalid CSS after "   color": expected ";", was ": #fffff;":
  app/views/layouts/application.html.erb:7:in `_app_views_layouts_application_html_erb___3788733783912334394_70338019575820'

Started POST "/__better_errors/09ea305e510e729b/variables" for ::1 at 2018-07-16 11:58:03 -0700
Started GET "/" for ::1 at 2018-07-16 11:58:32 -0700
Processing by StaticPagesController#index as HTML
  Rendering static_pages/index.html.erb within layouts/application
  Rendered shared/_main_nav.html.erb (0.7ms)
  Rendered shared/_masthead.html.erb (0.3ms)
  Rendered shared/_sections_nav.html.erb (0.4ms)
  Rendered shared/_search_modal.html.erb (0.3ms)
  Rendered shared/_main_content.html.erb (0.3ms)
  Rendered static_pages/index.html.erb within layouts/application (13.4ms)
Completed 200 OK in 251ms (Views: 249.5ms | ActiveRecord: 0.0ms)


Started GET "/assets/application.self-70b90f8cc6dc44273247fd0f281a326c5d7e92f01246661a2a59859e92dde4ef.css?body=1" for ::1 at 2018-07-16 11:58:32 -0700
Started GET "/assets/application.self-70b90f8cc6dc44273247fd0f281a326c5d7e92f01246661a2a59859e92dde4ef.css?body=1&livereload=1531767542409" for ::1 at 2018-07-16 11:59:02 -0700
Started GET "/assets/application.self-70b90f8cc6dc44273247fd0f281a326c5d7e92f01246661a2a59859e92dde4ef.css?body=1&livereload=1531767542414" for ::1 at 2018-07-16 11:59:02 -0700
Started GET "/assets/application.self-70b90f8cc6dc44273247fd0f281a326c5d7e92f01246661a2a59859e92dde4ef.css?body=1&livereload=1531767627770" for ::1 at 2018-07-16 12:00:27 -0700
Started GET "/assets/application.self-70b90f8cc6dc44273247fd0f281a326c5d7e92f01246661a2a59859e92dde4ef.css?body=1&livereload=1531767627773" for ::1 at 2018-07-16 12:00:27 -0700
Started GET "/assets/application.self-70b90f8cc6dc44273247fd0f281a326c5d7e92f01246661a2a59859e92dde4ef.css?body=1&livereload=1531767645597" for ::1 at 2018-07-16 12:00:45 -0700
Started GET "/assets/application.self-70b90f8cc6dc44273247fd0f281a326c5d7e92f01246661a2a59859e92dde4ef.css?body=1&livereload=1531767645599" for ::1 at 2018-07-16 12:00:45 -0700
Started GET "/assets/application.self-70b90f8cc6dc44273247fd0f281a326c5d7e92f01246661a2a59859e92dde4ef.css?body=1&livereload=1531767688356" for ::1 at 2018-07-16 12:01:28 -0700
Started GET "/assets/application.self-70b90f8cc6dc44273247fd0f281a326c5d7e92f01246661a2a59859e92dde4ef.css?body=1&livereload=1531767688357" for ::1 at 2018-07-16 12:01:28 -0700
Started GET "/assets/application.self-70b90f8cc6dc44273247fd0f281a326c5d7e92f01246661a2a59859e92dde4ef.css?body=1&livereload=1531767751068" for ::1 at 2018-07-16 12:02:31 -0700
Started GET "/assets/application.self-70b90f8cc6dc44273247fd0f281a326c5d7e92f01246661a2a59859e92dde4ef.css?body=1&livereload=1531767751070" for ::1 at 2018-07-16 12:02:31 -0700
Started GET "/assets/application.self-70b90f8cc6dc44273247fd0f281a326c5d7e92f01246661a2a59859e92dde4ef.css?body=1&livereload=1531767765254" for ::1 at 2018-07-16 12:02:45 -0700
Started GET "/assets/application.self-70b90f8cc6dc44273247fd0f281a326c5d7e92f01246661a2a59859e92dde4ef.css?body=1&livereload=1531767765256" for ::1 at 2018-07-16 12:02:45 -0700
Started GET "/assets/application.self-70b90f8cc6dc44273247fd0f281a326c5d7e92f01246661a2a59859e92dde4ef.css?body=1&livereload=1531767771312" for ::1 at 2018-07-16 12:02:51 -0700
Started GET "/assets/application.self-70b90f8cc6dc44273247fd0f281a326c5d7e92f01246661a2a59859e92dde4ef.css?body=1&livereload=1531767771314" for ::1 at 2018-07-16 12:02:51 -0700
Started GET "/assets/application.self-70b90f8cc6dc44273247fd0f281a326c5d7e92f01246661a2a59859e92dde4ef.css?body=1&livereload=1531767803987" for ::1 at 2018-07-16 12:03:23 -0700
Started GET "/assets/application.self-70b90f8cc6dc44273247fd0f281a326c5d7e92f01246661a2a59859e92dde4ef.css?body=1&livereload=1531767803989" for ::1 at 2018-07-16 12:03:23 -0700
Started GET "/assets/application.self-70b90f8cc6dc44273247fd0f281a326c5d7e92f01246661a2a59859e92dde4ef.css?body=1&livereload=1531767809378" for ::1 at 2018-07-16 12:03:29 -0700
Started GET "/assets/application.self-70b90f8cc6dc44273247fd0f281a326c5d7e92f01246661a2a59859e92dde4ef.css?body=1&livereload=1531767809379" for ::1 at 2018-07-16 12:03:29 -0700
Started GET "/assets/application.self-70b90f8cc6dc44273247fd0f281a326c5d7e92f01246661a2a59859e92dde4ef.css?body=1&livereload=1531767839292" for ::1 at 2018-07-16 12:03:59 -0700
Started GET "/assets/application.self-70b90f8cc6dc44273247fd0f281a326c5d7e92f01246661a2a59859e92dde4ef.css?body=1&livereload=1531767839293" for ::1 at 2018-07-16 12:03:59 -0700
Started GET "/" for ::1 at 2018-07-16 12:04:02 -0700
Processing by StaticPagesController#index as HTML
  Rendering static_pages/index.html.erb within layouts/application
  Rendered shared/_main_nav.html.erb (0.4ms)
  Rendered shared/_masthead.html.erb (0.2ms)
  Rendered shared/_sections_nav.html.erb (0.3ms)
  Rendered shared/_search_modal.html.erb (0.3ms)
  Rendered shared/_main_content.html.erb (0.5ms)
  Rendered static_pages/index.html.erb within layouts/application (11.1ms)
Completed 200 OK in 132ms (Views: 100.3ms | ActiveRecord: 0.0ms)


Started GET "/assets/application.self-38855a78e144615e0bbd33e9b7b2177f5f002fddfe999f94a6032bcde44e3641.css?body=1" for ::1 at 2018-07-16 12:04:02 -0700
Started GET "/assets/application.self-38855a78e144615e0bbd33e9b7b2177f5f002fddfe999f94a6032bcde44e3641.css?body=1&livereload=1531767880599" for ::1 at 2018-07-16 12:04:40 -0700
Started GET "/assets/application.self-38855a78e144615e0bbd33e9b7b2177f5f002fddfe999f94a6032bcde44e3641.css?body=1&livereload=1531767880602" for ::1 at 2018-07-16 12:04:40 -0700
Started GET "/" for ::1 at 2018-07-16 12:04:42 -0700
Processing by StaticPagesController#index as HTML
  Rendering static_pages/index.html.erb within layouts/application
  Rendered shared/_main_nav.html.erb (0.4ms)
  Rendered shared/_masthead.html.erb (0.3ms)
  Rendered shared/_sections_nav.html.erb (0.2ms)
  Rendered shared/_search_modal.html.erb (0.4ms)
  Rendered shared/_main_content.html.erb (0.3ms)
  Rendered static_pages/index.html.erb within layouts/application (11.5ms)
Completed 200 OK in 138ms (Views: 133.9ms | ActiveRecord: 0.0ms)


Started GET "/assets/application.self-41d44b63863759e9315133b20adffb8855eff3acdde1641f091b68f5edb6db88.css?body=1" for ::1 at 2018-07-16 12:04:42 -0700
Started GET "/assets/application.self-41d44b63863759e9315133b20adffb8855eff3acdde1641f091b68f5edb6db88.css?body=1&livereload=1531767887733" for ::1 at 2018-07-16 12:04:47 -0700
Started GET "/assets/application.self-41d44b63863759e9315133b20adffb8855eff3acdde1641f091b68f5edb6db88.css?body=1&livereload=1531767887735" for ::1 at 2018-07-16 12:04:47 -0700
Started GET "/" for ::1 at 2018-07-16 12:04:49 -0700
Processing by StaticPagesController#index as HTML
  Rendering static_pages/index.html.erb within layouts/application
  Rendered shared/_main_nav.html.erb (1.1ms)
  Rendered shared/_masthead.html.erb (0.4ms)
  Rendered shared/_sections_nav.html.erb (0.3ms)
  Rendered shared/_search_modal.html.erb (0.3ms)
  Rendered shared/_main_content.html.erb (0.5ms)
  Rendered static_pages/index.html.erb within layouts/application (16.2ms)
Completed 200 OK in 48ms (Views: 46.0ms | ActiveRecord: 0.0ms)


Started GET "/assets/application.self-42841e2e4f4be76cc68ad6d0aecbe3a9327f98653fdda62b762acc8e24332c42.css?body=1" for ::1 at 2018-07-16 12:04:49 -0700
Started GET "/assets/application.self-42841e2e4f4be76cc68ad6d0aecbe3a9327f98653fdda62b762acc8e24332c42.css?body=1&livereload=1531767899493" for ::1 at 2018-07-16 12:04:59 -0700
Started GET "/assets/application.self-42841e2e4f4be76cc68ad6d0aecbe3a9327f98653fdda62b762acc8e24332c42.css?body=1&livereload=1531767899495" for ::1 at 2018-07-16 12:04:59 -0700
Started GET "/" for ::1 at 2018-07-16 12:05:00 -0700
Processing by StaticPagesController#index as HTML
  Rendering static_pages/index.html.erb within layouts/application
  Rendered shared/_main_nav.html.erb (1.0ms)
  Rendered shared/_masthead.html.erb (0.4ms)
  Rendered shared/_sections_nav.html.erb (0.4ms)
  Rendered shared/_search_modal.html.erb (0.3ms)
  Rendered shared/_main_content.html.erb (0.3ms)
  Rendered static_pages/index.html.erb within layouts/application (14.8ms)
Completed 200 OK in 54ms (Views: 51.7ms | ActiveRecord: 0.0ms)


Started GET "/assets/application.self-715c4508d6fd0466c8a395631164f9e109519f6f9d4543819b22697bb535af6a.css?body=1" for ::1 at 2018-07-16 12:05:00 -0700
Started GET "/assets/application.self-715c4508d6fd0466c8a395631164f9e109519f6f9d4543819b22697bb535af6a.css?body=1&livereload=1531767986877" for ::1 at 2018-07-16 12:06:26 -0700
Started GET "/assets/application.self-715c4508d6fd0466c8a395631164f9e109519f6f9d4543819b22697bb535af6a.css?body=1&livereload=1531767986880" for ::1 at 2018-07-16 12:06:26 -0700
Started GET "/assets/application.self-715c4508d6fd0466c8a395631164f9e109519f6f9d4543819b22697bb535af6a.css?body=1&livereload=1531768001001" for ::1 at 2018-07-16 12:06:41 -0700
Started GET "/assets/application.self-715c4508d6fd0466c8a395631164f9e109519f6f9d4543819b22697bb535af6a.css?body=1&livereload=1531768001002" for ::1 at 2018-07-16 12:06:41 -0700
Started GET "/assets/application.self-715c4508d6fd0466c8a395631164f9e109519f6f9d4543819b22697bb535af6a.css?body=1&livereload=1531768015209" for ::1 at 2018-07-16 12:06:55 -0700
Started GET "/assets/application.self-715c4508d6fd0466c8a395631164f9e109519f6f9d4543819b22697bb535af6a.css?body=1&livereload=1531768015211" for ::1 at 2018-07-16 12:06:55 -0700
Started GET "/assets/application.self-715c4508d6fd0466c8a395631164f9e109519f6f9d4543819b22697bb535af6a.css?body=1&livereload=1531768067755" for ::1 at 2018-07-16 12:07:47 -0700
Started GET "/assets/application.self-715c4508d6fd0466c8a395631164f9e109519f6f9d4543819b22697bb535af6a.css?body=1&livereload=1531768067760" for ::1 at 2018-07-16 12:07:47 -0700
Started GET "/assets/application.self-715c4508d6fd0466c8a395631164f9e109519f6f9d4543819b22697bb535af6a.css?body=1&livereload=1531768076598" for ::1 at 2018-07-16 12:07:56 -0700
Started GET "/assets/application.self-715c4508d6fd0466c8a395631164f9e109519f6f9d4543819b22697bb535af6a.css?body=1&livereload=1531768076601" for ::1 at 2018-07-16 12:07:56 -0700
Started GET "/assets/application.self-715c4508d6fd0466c8a395631164f9e109519f6f9d4543819b22697bb535af6a.css?body=1&livereload=1531768083684" for ::1 at 2018-07-16 12:08:03 -0700
Started GET "/assets/application.self-715c4508d6fd0466c8a395631164f9e109519f6f9d4543819b22697bb535af6a.css?body=1&livereload=1531768083685" for ::1 at 2018-07-16 12:08:03 -0700
Started GET "/assets/application.self-715c4508d6fd0466c8a395631164f9e109519f6f9d4543819b22697bb535af6a.css?body=1&livereload=1531768104249" for ::1 at 2018-07-16 12:08:24 -0700
Started GET "/assets/application.self-715c4508d6fd0466c8a395631164f9e109519f6f9d4543819b22697bb535af6a.css?body=1&livereload=1531768104252" for ::1 at 2018-07-16 12:08:24 -0700
Started GET "/assets/application.self-715c4508d6fd0466c8a395631164f9e109519f6f9d4543819b22697bb535af6a.css?body=1&livereload=1531768109176" for ::1 at 2018-07-16 12:08:29 -0700
Started GET "/assets/application.self-715c4508d6fd0466c8a395631164f9e109519f6f9d4543819b22697bb535af6a.css?body=1&livereload=1531768109178" for ::1 at 2018-07-16 12:08:29 -0700
Started GET "/assets/application.self-715c4508d6fd0466c8a395631164f9e109519f6f9d4543819b22697bb535af6a.css?body=1&livereload=1531768116807" for ::1 at 2018-07-16 12:08:36 -0700
Started GET "/assets/application.self-715c4508d6fd0466c8a395631164f9e109519f6f9d4543819b22697bb535af6a.css?body=1&livereload=1531768116807&livereload=1531768116807" for ::1 at 2018-07-16 12:08:36 -0700
Started GET "/" for ::1 at 2018-07-16 12:08:40 -0700
Processing by StaticPagesController#index as HTML
  Rendering static_pages/index.html.erb within layouts/application
  Rendered shared/_main_nav.html.erb (0.6ms)
  Rendered shared/_masthead.html.erb (0.5ms)
  Rendered shared/_sections_nav.html.erb (0.6ms)
  Rendered shared/_search_modal.html.erb (0.5ms)
  Rendered shared/_main_content.html.erb (0.3ms)
  Rendered static_pages/index.html.erb within layouts/application (15.8ms)
Completed 200 OK in 304ms (Views: 266.4ms | ActiveRecord: 0.0ms)


Started GET "/assets/application.self-1bd36c7c812eb5eaa8780a54c6c0a50fda0d37fef58ed04e3fd5b6de1c7bf000.css?body=1" for ::1 at 2018-07-16 12:08:40 -0700
Started GET "/assets/application.self-1bd36c7c812eb5eaa8780a54c6c0a50fda0d37fef58ed04e3fd5b6de1c7bf000.css?body=1&livereload=1531768128103" for ::1 at 2018-07-16 12:08:48 -0700
Started GET "/assets/application.self-1bd36c7c812eb5eaa8780a54c6c0a50fda0d37fef58ed04e3fd5b6de1c7bf000.css?body=1&livereload=1531768128104" for ::1 at 2018-07-16 12:08:48 -0700
Started GET "/assets/application.self-1bd36c7c812eb5eaa8780a54c6c0a50fda0d37fef58ed04e3fd5b6de1c7bf000.css?body=1&livereload=1531768145347" for ::1 at 2018-07-16 12:09:05 -0700
Started GET "/assets/application.self-1bd36c7c812eb5eaa8780a54c6c0a50fda0d37fef58ed04e3fd5b6de1c7bf000.css?body=1&livereload=1531768145350" for ::1 at 2018-07-16 12:09:05 -0700
Started GET "/assets/application.self-1bd36c7c812eb5eaa8780a54c6c0a50fda0d37fef58ed04e3fd5b6de1c7bf000.css?body=1&livereload=1531768207783" for ::1 at 2018-07-16 12:10:07 -0700
Started GET "/assets/application.self-1bd36c7c812eb5eaa8780a54c6c0a50fda0d37fef58ed04e3fd5b6de1c7bf000.css?body=1&livereload=1531768207784" for ::1 at 2018-07-16 12:10:07 -0700
Started GET "/assets/application.self-1bd36c7c812eb5eaa8780a54c6c0a50fda0d37fef58ed04e3fd5b6de1c7bf000.css?body=1&livereload=1531768282409" for ::1 at 2018-07-16 12:11:22 -0700
Started GET "/assets/application.self-1bd36c7c812eb5eaa8780a54c6c0a50fda0d37fef58ed04e3fd5b6de1c7bf000.css?body=1&livereload=1531768282411" for ::1 at 2018-07-16 12:11:22 -0700
Started GET "/assets/application.self-1bd36c7c812eb5eaa8780a54c6c0a50fda0d37fef58ed04e3fd5b6de1c7bf000.css?body=1&livereload=1531768308194" for ::1 at 2018-07-16 12:11:48 -0700
Started GET "/assets/application.self-1bd36c7c812eb5eaa8780a54c6c0a50fda0d37fef58ed04e3fd5b6de1c7bf000.css?body=1&livereload=1531768308193" for ::1 at 2018-07-16 12:11:48 -0700
Started GET "/assets/application.self-1bd36c7c812eb5eaa8780a54c6c0a50fda0d37fef58ed04e3fd5b6de1c7bf000.css?body=1&livereload=1531768354880" for ::1 at 2018-07-16 12:12:34 -0700
Started GET "/assets/application.self-1bd36c7c812eb5eaa8780a54c6c0a50fda0d37fef58ed04e3fd5b6de1c7bf000.css?body=1&livereload=1531768354879" for ::1 at 2018-07-16 12:12:34 -0700
Started GET "/assets/application.self-1bd36c7c812eb5eaa8780a54c6c0a50fda0d37fef58ed04e3fd5b6de1c7bf000.css?body=1&livereload=1531768366428" for ::1 at 2018-07-16 12:12:46 -0700
Started GET "/assets/application.self-1bd36c7c812eb5eaa8780a54c6c0a50fda0d37fef58ed04e3fd5b6de1c7bf000.css?body=1&livereload=1531768366431" for ::1 at 2018-07-16 12:12:46 -0700
Started GET "/assets/application.self-1bd36c7c812eb5eaa8780a54c6c0a50fda0d37fef58ed04e3fd5b6de1c7bf000.css?body=1&livereload=1531768378886" for ::1 at 2018-07-16 12:12:58 -0700
Started GET "/assets/application.self-1bd36c7c812eb5eaa8780a54c6c0a50fda0d37fef58ed04e3fd5b6de1c7bf000.css?body=1&livereload=1531768378887" for ::1 at 2018-07-16 12:12:58 -0700
Started GET "/assets/application.self-1bd36c7c812eb5eaa8780a54c6c0a50fda0d37fef58ed04e3fd5b6de1c7bf000.css?body=1&livereload=1531768411669" for ::1 at 2018-07-16 12:13:31 -0700
Started GET "/assets/application.self-1bd36c7c812eb5eaa8780a54c6c0a50fda0d37fef58ed04e3fd5b6de1c7bf000.css?body=1&livereload=1531768411670" for ::1 at 2018-07-16 12:13:31 -0700
Started GET "/assets/application.self-1bd36c7c812eb5eaa8780a54c6c0a50fda0d37fef58ed04e3fd5b6de1c7bf000.css?body=1&livereload=1531768448666" for ::1 at 2018-07-16 12:14:08 -0700
Started GET "/assets/application.self-1bd36c7c812eb5eaa8780a54c6c0a50fda0d37fef58ed04e3fd5b6de1c7bf000.css?body=1&livereload=1531768448668" for ::1 at 2018-07-16 12:14:08 -0700
Started GET "/assets/application.self-1bd36c7c812eb5eaa8780a54c6c0a50fda0d37fef58ed04e3fd5b6de1c7bf000.css?body=1&livereload=1531768489908" for ::1 at 2018-07-16 12:14:49 -0700
Started GET "/assets/application.self-1bd36c7c812eb5eaa8780a54c6c0a50fda0d37fef58ed04e3fd5b6de1c7bf000.css?body=1&livereload=1531768489909" for ::1 at 2018-07-16 12:14:49 -0700
